<?xml version="1.0" encoding="UTF-8"?>
<!-- Generated by org.testng.reporters.JUnitReportReporter -->
<testsuite hostname="DESKTOP-58R1S3H" failures="0" tests="1" name="test.VerifyUserIsAbleToCheckout" time="42.603" errors="0" timestamp="2023-04-23T17:46:49 IST" skipped="0">
  <testcase classname="test.VerifyUserIsAbleToCheckout" name="verifyUserIsAbleToCheckout" time="42.603"/>
  <system-out/>
</testsuite> <!-- test.VerifyUserIsAbleToCheckout -->
