<?xml version="1.0" encoding="UTF-8"?>
<!-- Generated by org.testng.reporters.JUnitReportReporter -->
<testsuite hostname="DESKTOP-58R1S3H" failures="0" tests="1" name="test.VerifyUserIsAbleToClickOnSideBar" time="35.086" errors="0" timestamp="2023-04-23T16:55:51 IST" skipped="0">
  <testcase classname="test.VerifyUserIsAbleToClickOnSideBar" name="verifyUserIsAbleToClickOnFilter" time="35.086"/>
  <system-out/>
</testsuite> <!-- test.VerifyUserIsAbleToClickOnSideBar -->
