<?xml version="1.0" encoding="UTF-8"?>
<!-- Generated by org.testng.reporters.JUnitReportReporter -->
<testsuite hostname="DESKTOP-58R1S3H" failures="0" tests="1" name="test.VerifyUserIsAbleToAddProductIntoCart" time="94.329" errors="0" timestamp="2023-04-23T14:43:25 IST" skipped="0">
  <testcase classname="test.VerifyUserIsAbleToAddProductIntoCart" name="verifyUserIsAbleToAddMultipleProductIntoCart" time="94.329"/>
  <system-out/>
</testsuite> <!-- test.VerifyUserIsAbleToAddProductIntoCart -->
