<?xml version="1.0" encoding="UTF-8"?>
<!-- Generated by org.testng.reporters.JUnitReportReporter -->
<testsuite hostname="DESKTOP-58R1S3H" failures="0" tests="1" name="test.VerifyUserIsAbleToLogin" time="68.425" errors="0" timestamp="2023-04-22T16:21:09 IST" skipped="0">
  <testcase classname="test.VerifyUserIsAbleToLogin" name="verifyPerformanceGlitchUserIsAbleToLogin" time="68.425"/>
  <system-out/>
</testsuite> <!-- test.VerifyUserIsAbleToLogin -->
